<?xml version="1.0" encoding="UTF-8"?>
<!-- Generated by org.testng.reporters.JUnitReportReporter -->
<testsuite skipped="0" hostname="Mohits-MacBook-Air.local" name="com.qa.tests.ErrorCodesTesting" tests="1" failures="0" timestamp="10 Jun 2018 05:48:43 GMT" time="2.252" errors="0">
  <testcase name="statusCode_401_UNAUTHORIZED_addition_path" time="2.252" classname="com.qa.tests.ErrorCodesTesting"/>
</testsuite> <!-- com.qa.tests.ErrorCodesTesting -->
