<?xml version="1.0" encoding="UTF-8"?>
<!-- Generated by org.testng.reporters.JUnitReportReporter -->
<testsuite skipped="0" hostname="Mohits-MacBook-Air.local" name="com.qa.tests.AddTestCases" tests="1" failures="0" timestamp="10 Jun 2018 04:08:36 GMT" time="2.184" errors="0">
  <testcase name="multiplicationTest" time="2.184" classname="com.qa.tests.AddTestCases"/>
</testsuite> <!-- com.qa.tests.AddTestCases -->
