<?xml version="1.0" encoding="UTF-8"?>
<!-- Generated by org.testng.reporters.JUnitReportReporter -->
<testsuite skipped="0" hostname="Mohits-MacBook-Air.local" name="com.qa.tests.ErrorCodesTest" tests="1" failures="0" timestamp="10 Jun 2018 06:24:34 GMT" time="2.551" errors="0">
  <testcase name="statusCode_401_UNAUTHORIZED_multiply_path" time="2.551" classname="com.qa.tests.ErrorCodesTest"/>
</testsuite> <!-- com.qa.tests.ErrorCodesTest -->
