<?xml version="1.0" encoding="UTF-8"?>
<!-- Generated by org.testng.reporters.JUnitReportReporter -->
<testsuite skipped="0" hostname="Mohits-MacBook-Air.local" name="com.qa.tests.GetAPITest" tests="2" failures="0" timestamp="10 Jun 2018 04:07:09 GMT" time="2.304" errors="0">
  <testcase name="getAPITestWithoutHeaders" time="1.967" classname="com.qa.tests.GetAPITest"/>
  <testcase name="getAPITestWithHeaders" time="0.337" classname="com.qa.tests.GetAPITest"/>
</testsuite> <!-- com.qa.tests.GetAPITest -->
