<?xml version="1.0" encoding="UTF-8"?>
<!-- Generated by org.testng.reporters.JUnitReportReporter -->
<testsuite skipped="0" hostname="Mohits-MacBook-Air.local" name="com.qa.tests.PostAPITest" tests="1" failures="0" timestamp="09 Jun 2018 23:22:39 GMT" time="1.232" errors="0">
  <testcase name="postAPITest" time="1.232" classname="com.qa.tests.PostAPITest"/>
</testsuite> <!-- com.qa.tests.PostAPITest -->
