<?xml version="1.0" encoding="UTF-8"?>
<!-- Generated by org.testng.reporters.JUnitReportReporter -->
<testsuite hostname="Mohits-MacBook-Air.local" name="com.automation.tests.ErrorCodesTest" tests="7" failures="0" timestamp="10 Jun 2018 06:54:29 GMT" time="2.298" errors="0">
  <testcase name="statusCode_401_UNAUTHORIZED_multiply_path" time="0.228" classname="com.automation.tests.ErrorCodesTest"/>
  <testcase name="statusCode_404_NOT_FOUND" time="0.244" classname="com.automation.tests.ErrorCodesTest"/>
  <testcase name="additionTest_400_Bad_Request" time="0.228" classname="com.automation.tests.ErrorCodesTest"/>
  <testcase name="statusCode_401_UNAUTHORIZED_division_path" time="0.700" classname="com.automation.tests.ErrorCodesTest"/>
  <testcase name="statusCode_401_UNAUTHORIZED_addition_path" time="0.301" classname="com.automation.tests.ErrorCodesTest"/>
  <testcase name="divisionTest_400_Bad_Request" time="0.297" classname="com.automation.tests.ErrorCodesTest"/>
  <testcase name="multiplytest_400_Bad_Request" time="0.300" classname="com.automation.tests.ErrorCodesTest"/>
</testsuite> <!-- com.automation.tests.ErrorCodesTest -->
