<?xml version="1.0" encoding="UTF-8"?>
<!-- Generated by org.testng.reporters.JUnitReportReporter -->
<testsuite hostname="Mohits-MacBook-Air.local" name="com.automation.tests.ErrorCodesTest" tests="8" failures="0" timestamp="11 Jun 2018 03:59:38 GMT" time="0.192" errors="0">
  <testcase name="statusCode_404_NOT_FOUND" time="0.021" classname="com.automation.tests.ErrorCodesTest"/>
  <testcase name="unionTest1_NonIntegersInLeftSet_400BadRequest" time="0.034" classname="com.automation.tests.ErrorCodesTest"/>
  <testcase name="maxTest1_NonIntegersInSet_400BadRequest" time="0.021" classname="com.automation.tests.ErrorCodesTest"/>
  <testcase name="statusCode_500_InternalServerError" time="0.020" classname="com.automation.tests.ErrorCodesTest"/>
  <testcase name="statusCode_405_MethodNotAllowed" time="0.021" classname="com.automation.tests.ErrorCodesTest"/>
  <testcase name="additionTest_400_Bad_Request_non_integer" time="0.021" classname="com.automation.tests.ErrorCodesTest"/>
  <testcase name="statusCode_401_UNAUTHORIZED_addition_path" time="0.013" classname="com.automation.tests.ErrorCodesTest"/>
  <testcase name="statusCode_415_UnsupportedMediaType" time="0.041" classname="com.automation.tests.ErrorCodesTest"/>
</testsuite> <!-- com.automation.tests.ErrorCodesTest -->
