<?xml version="1.0" encoding="UTF-8"?>
<!-- Generated by org.testng.reporters.JUnitReportReporter -->
<testsuite hostname="Mohits-MacBook-Air.local" name="com.automation.tests.APIIntegrationTest" tests="7" failures="0" timestamp="11 Jun 2018 04:14:01 GMT" time="2.105" errors="0">
  <testcase name="unionTest" time="0.035" classname="com.automation.tests.APIIntegrationTest"/>
  <testcase name="multiplytest" time="0.041" classname="com.automation.tests.APIIntegrationTest"/>
  <testcase name="divisionTest" time="0.065" classname="com.automation.tests.APIIntegrationTest"/>
  <testcase name="maxTest" time="0.028" classname="com.automation.tests.APIIntegrationTest"/>
  <testcase name="additionTest" time="1.842" classname="com.automation.tests.APIIntegrationTest"/>
  <testcase name="minTest" time="0.052" classname="com.automation.tests.APIIntegrationTest"/>
  <testcase name="intersectionTest" time="0.042" classname="com.automation.tests.APIIntegrationTest"/>
</testsuite> <!-- com.automation.tests.APIIntegrationTest -->
