<?xml version="1.0" encoding="UTF-8"?>
<!-- Generated by org.testng.reporters.JUnitReportReporter -->
<testsuite hostname="Mohits-MacBook-Air.local" name="com.automation.tests.APIIntegrationTest" tests="7" failures="0" timestamp="11 Jun 2018 03:59:36 GMT" time="2.196" errors="0">
  <testcase name="unionTest" time="0.044" classname="com.automation.tests.APIIntegrationTest"/>
  <testcase name="multiplytest" time="0.043" classname="com.automation.tests.APIIntegrationTest"/>
  <testcase name="divisionTest" time="0.035" classname="com.automation.tests.APIIntegrationTest"/>
  <testcase name="maxTest" time="0.030" classname="com.automation.tests.APIIntegrationTest"/>
  <testcase name="additionTest" time="1.959" classname="com.automation.tests.APIIntegrationTest"/>
  <testcase name="minTest" time="0.040" classname="com.automation.tests.APIIntegrationTest"/>
  <testcase name="intersectionTest" time="0.045" classname="com.automation.tests.APIIntegrationTest"/>
</testsuite> <!-- com.automation.tests.APIIntegrationTest -->
