<?xml version="1.0" encoding="UTF-8"?>
<!-- Generated by org.testng.reporters.JUnitReportReporter -->
<testsuite hostname="Mohits-MacBook-Air.local" name="com.automation.tests.APIIntegrationTest" tests="3" failures="0" timestamp="10 Jun 2018 06:54:29 GMT" time="2.920" errors="0">
  <testcase name="multiplytest" time="0.288" classname="com.automation.tests.APIIntegrationTest"/>
  <testcase name="additionTest" time="2.321" classname="com.automation.tests.APIIntegrationTest"/>
  <testcase name="divisionTest" time="0.311" classname="com.automation.tests.APIIntegrationTest"/>
</testsuite> <!-- com.automation.tests.APIIntegrationTest -->
